[INFO] 01:08:16:080 KERNEL_LOG/(44614:44614): PUERTO_ESCUCHA: 8003
[INFO] 01:08:16:080 KERNEL_LOG/(44614:44614): IP_MEMORIA: 127.0.0.1
[INFO] 01:08:16:080 KERNEL_LOG/(44614:44614): PUERTO_MEMORIA: -1799274656
[INFO] 01:08:16:080 KERNEL_LOG/(44614:44614): IP_CPU: 127.0.0.1
[INFO] 01:08:16:080 KERNEL_LOG/(44614:44614): PUERTO_CPU_DISPATCH: -1799274432
[INFO] 01:08:16:080 KERNEL_LOG/(44614:44614): PUERTO_CPU_INTERRUPT: 8007
[INFO] 01:08:16:080 KERNEL_LOG/(44614:44614): ALGORITMO_PLANIFICACION: VRR
[INFO] 01:08:16:080 KERNEL_LOG/(44614:44614): QUANTUM: 2000
[INFO] 01:08:16:080 KERNEL_LOG/(44614:44614): RECURSOS: [RA|RB|RC]
[INFO] 01:08:16:080 KERNEL_LOG/(44614:44614): INSTANCIAS_RECURSOS: [1|2|1]
[INFO] 01:08:16:080 KERNEL_LOG/(44614:44614): GRADO_MULTIPROGRAMACION: 10
[INFO] 01:08:16:081 KERNEL_LOG/(44614:44614): KERNEL LEVANTADO
[INFO] 01:08:16:081 KERNEL_LOG/(44614:44614): Conectando a memoria...
[INFO] 01:08:16:081 KERNEL_LOG/(44614:44614): Conectando a CPU...
[INFO] 01:08:16:081 KERNEL_LOG/(44614:44614): Conectando CPU interrupt...
[INFO] 01:11:38:959 KERNEL_LOG/(44736:44736): PUERTO_ESCUCHA: 8003
[INFO] 01:11:38:959 KERNEL_LOG/(44736:44736): IP_MEMORIA: 127.0.0.1
[INFO] 01:11:38:959 KERNEL_LOG/(44736:44736): PUERTO_MEMORIA: -1489346720
[INFO] 01:11:38:959 KERNEL_LOG/(44736:44736): IP_CPU: 127.0.0.1
[INFO] 01:11:38:959 KERNEL_LOG/(44736:44736): PUERTO_CPU_DISPATCH: -1489346496
[INFO] 01:11:38:959 KERNEL_LOG/(44736:44736): PUERTO_CPU_INTERRUPT: 8007
[INFO] 01:11:38:959 KERNEL_LOG/(44736:44736): ALGORITMO_PLANIFICACION: VRR
[INFO] 01:11:38:959 KERNEL_LOG/(44736:44736): QUANTUM: 2000
[INFO] 01:11:38:959 KERNEL_LOG/(44736:44736): RECURSOS: [RA|RB|RC]
[INFO] 01:11:38:959 KERNEL_LOG/(44736:44736): INSTANCIAS_RECURSOS: [1|2|1]
[INFO] 01:11:38:959 KERNEL_LOG/(44736:44736): GRADO_MULTIPROGRAMACION: 10
[INFO] 01:11:38:960 KERNEL_LOG/(44736:44736): KERNEL LEVANTADO
[INFO] 01:11:38:960 KERNEL_LOG/(44736:44736): Conectando a memoria...
[INFO] 01:11:38:960 KERNEL_LOG/(44736:44736): Conectando a CPU...
[INFO] 01:11:38:960 KERNEL_LOG/(44736:44736): Conectando CPU interrupt...
[INFO] 01:18:35:927 KERNEL_LOG/(45993:45993): PUERTO_ESCUCHA: 8003
[INFO] 01:18:35:928 KERNEL_LOG/(45993:45993): IP_MEMORIA: 127.0.0.1
[INFO] 01:18:35:928 KERNEL_LOG/(45993:45993): PUERTO_MEMORIA: -2099089568
[INFO] 01:18:35:928 KERNEL_LOG/(45993:45993): IP_CPU: 127.0.0.1
[INFO] 01:18:35:928 KERNEL_LOG/(45993:45993): PUERTO_CPU_DISPATCH: -2099089344
[INFO] 01:18:35:928 KERNEL_LOG/(45993:45993): PUERTO_CPU_INTERRUPT: 8007
[INFO] 01:18:35:928 KERNEL_LOG/(45993:45993): ALGORITMO_PLANIFICACION: VRR
[INFO] 01:18:35:929 KERNEL_LOG/(45993:45993): QUANTUM: 2000
[INFO] 01:18:35:929 KERNEL_LOG/(45993:45993): RECURSOS: [RA|RB|RC]
[INFO] 01:18:35:929 KERNEL_LOG/(45993:45993): INSTANCIAS_RECURSOS: [1|2|1]
[INFO] 01:18:35:929 KERNEL_LOG/(45993:45993): GRADO_MULTIPROGRAMACION: 10
[INFO] 01:18:35:929 KERNEL_LOG/(45993:45993): KERNEL LEVANTADO
[INFO] 01:18:35:929 KERNEL_LOG/(45993:45993): Conectando a memoria...
[INFO] 01:18:35:929 KERNEL_LOG/(45993:45993): Conectando CPU interrupt...
[INFO] 01:20:15:383 KERNEL_LOG/(46161:46161): PUERTO_ESCUCHA: 8003
[INFO] 01:20:15:384 KERNEL_LOG/(46161:46161): IP_MEMORIA: 127.0.0.1
[INFO] 01:20:15:384 KERNEL_LOG/(46161:46161): PUERTO_MEMORIA: 1147076448
[INFO] 01:20:15:384 KERNEL_LOG/(46161:46161): IP_CPU: 127.0.0.1
[INFO] 01:20:15:384 KERNEL_LOG/(46161:46161): PUERTO_CPU_DISPATCH: 1147076672
[INFO] 01:20:15:384 KERNEL_LOG/(46161:46161): PUERTO_CPU_INTERRUPT: 8007
[INFO] 01:20:15:384 KERNEL_LOG/(46161:46161): ALGORITMO_PLANIFICACION: VRR
[INFO] 01:20:15:384 KERNEL_LOG/(46161:46161): QUANTUM: 2000
[INFO] 01:20:15:384 KERNEL_LOG/(46161:46161): RECURSOS: [RA|RB|RC]
[INFO] 01:20:15:384 KERNEL_LOG/(46161:46161): INSTANCIAS_RECURSOS: [1|2|1]
[INFO] 01:20:15:384 KERNEL_LOG/(46161:46161): GRADO_MULTIPROGRAMACION: 10
[INFO] 01:20:15:384 KERNEL_LOG/(46161:46161): KERNEL LEVANTADO
[INFO] 01:20:15:384 KERNEL_LOG/(46161:46161): Conectando a memoria...
[INFO] 01:20:15:384 KERNEL_LOG/(46161:46161): Conectando CPU interrupt...
[INFO] 01:21:45:581 KERNEL_LOG/(46259:46259): PUERTO_ESCUCHA: 8003
[INFO] 01:21:45:582 KERNEL_LOG/(46259:46259): IP_MEMORIA: 127.0.0.1
[INFO] 01:21:45:582 KERNEL_LOG/(46259:46259): PUERTO_MEMORIA: 509804384
[INFO] 01:21:45:582 KERNEL_LOG/(46259:46259): IP_CPU: 127.0.0.1
[INFO] 01:21:45:582 KERNEL_LOG/(46259:46259): PUERTO_CPU_DISPATCH: 509804608
[INFO] 01:21:45:582 KERNEL_LOG/(46259:46259): PUERTO_CPU_INTERRUPT: 8007
[INFO] 01:21:45:582 KERNEL_LOG/(46259:46259): ALGORITMO_PLANIFICACION: VRR
[INFO] 01:21:45:582 KERNEL_LOG/(46259:46259): QUANTUM: 2000
[INFO] 01:21:45:582 KERNEL_LOG/(46259:46259): RECURSOS: [RA|RB|RC]
[INFO] 01:21:45:582 KERNEL_LOG/(46259:46259): INSTANCIAS_RECURSOS: [1|2|1]
[INFO] 01:21:45:582 KERNEL_LOG/(46259:46259): GRADO_MULTIPROGRAMACION: 10
[INFO] 01:21:45:582 KERNEL_LOG/(46259:46259): KERNEL LEVANTADO
[INFO] 01:21:45:582 KERNEL_LOG/(46259:46259): Conectando a memoria...
[INFO] 01:21:45:582 KERNEL_LOG/(46259:46259): Conectando CPU interrupt...
[INFO] 01:24:16:372 KERNEL_LOG/(46494:46494): PUERTO_ESCUCHA: 8003
[INFO] 01:24:16:372 KERNEL_LOG/(46494:46494): IP_MEMORIA: 127.0.0.1
[INFO] 01:24:16:373 KERNEL_LOG/(46494:46494): PUERTO_MEMORIA: 1846607712
[INFO] 01:24:16:373 KERNEL_LOG/(46494:46494): IP_CPU: 127.0.0.1
[INFO] 01:24:16:373 KERNEL_LOG/(46494:46494): PUERTO_CPU_DISPATCH: 1846607936
[INFO] 01:24:16:373 KERNEL_LOG/(46494:46494): PUERTO_CPU_INTERRUPT: 8007
[INFO] 01:24:16:373 KERNEL_LOG/(46494:46494): ALGORITMO_PLANIFICACION: VRR
[INFO] 01:24:16:373 KERNEL_LOG/(46494:46494): QUANTUM: 2000
[INFO] 01:24:16:373 KERNEL_LOG/(46494:46494): RECURSOS: [RA|RB|RC]
[INFO] 01:24:16:373 KERNEL_LOG/(46494:46494): INSTANCIAS_RECURSOS: [1|2|1]
[INFO] 01:24:16:373 KERNEL_LOG/(46494:46494): GRADO_MULTIPROGRAMACION: 10
[INFO] 01:24:16:373 KERNEL_LOG/(46494:46494): KERNEL LEVANTADO
[INFO] 01:24:16:373 KERNEL_LOG/(46494:46494): Conectando a memoria...
[INFO] 01:24:16:373 KERNEL_LOG/(46494:46494): Conectando CPU interrupt...
[INFO] 01:44:32:708 KERNEL_LOG/(2085:2085): PUERTO_ESCUCHA: 8003
[INFO] 01:44:32:708 KERNEL_LOG/(2085:2085): IP_MEMORIA: 127.0.0.1
[INFO] 01:44:32:709 KERNEL_LOG/(2085:2085): PUERTO_MEMORIA: 8002
[INFO] 01:44:32:709 KERNEL_LOG/(2085:2085): IP_CPU: 127.0.0.1
[INFO] 01:44:32:709 KERNEL_LOG/(2085:2085): PUERTO_CPU_DISPATCH: 8006
[INFO] 01:44:32:709 KERNEL_LOG/(2085:2085): PUERTO_CPU_INTERRUPT: 8007
[INFO] 01:44:32:709 KERNEL_LOG/(2085:2085): ALGORITMO_PLANIFICACION: VRR
[INFO] 01:44:32:709 KERNEL_LOG/(2085:2085): QUANTUM: 2000
[INFO] 01:44:32:709 KERNEL_LOG/(2085:2085): RECURSOS: [RA|RB|RC]
[INFO] 01:44:32:709 KERNEL_LOG/(2085:2085): INSTANCIAS_RECURSOS: [1|2|1]
[INFO] 01:44:32:709 KERNEL_LOG/(2085:2085): GRADO_MULTIPROGRAMACION: 10
[INFO] 01:44:32:709 KERNEL_LOG/(2085:2085): KERNEL LEVANTADO
[INFO] 01:44:32:709 KERNEL_LOG/(2085:2085): Conectando a memoria...
[INFO] 01:44:32:710 KERNEL_LOG/(2085:2085): Conectando a CPU dispatch...
[INFO] 01:44:32:710 KERNEL_LOG/(2085:2085): Conectando CPU interrupt...
[INFO] 01:44:32:710 KERNEL_LOG/(2085:2085): Esperando conexion E/S...
[INFO] 01:44:39:832 KERNEL_LOG/(2085:2085): Se conecto el: ENTRADA/SALIDA
[INFO] 03:17:02:111 KERNEL_LOG/(285453:285453): PUERTO_ESCUCHA: 8003
[INFO] 03:17:02:111 KERNEL_LOG/(285453:285453): IP_MEMORIA: 127.0.0.1
[INFO] 03:17:02:111 KERNEL_LOG/(285453:285453): PUERTO_MEMORIA: 8002
[INFO] 03:17:02:111 KERNEL_LOG/(285453:285453): IP_CPU: 127.0.0.1
[INFO] 03:17:02:111 KERNEL_LOG/(285453:285453): PUERTO_CPU_DISPATCH: 8006
[INFO] 03:17:02:111 KERNEL_LOG/(285453:285453): PUERTO_CPU_INTERRUPT: 8007
[INFO] 03:17:02:112 KERNEL_LOG/(285453:285453): ALGORITMO_PLANIFICACION: VRR
[INFO] 03:17:02:112 KERNEL_LOG/(285453:285453): QUANTUM: 2000
[INFO] 03:17:02:112 KERNEL_LOG/(285453:285453): RECURSOS: [RA|RB|RC]
[INFO] 03:17:02:112 KERNEL_LOG/(285453:285453): INSTANCIAS_RECURSOS: [1|2|1]
[INFO] 03:17:02:112 KERNEL_LOG/(285453:285453): GRADO_MULTIPROGRAMACION: 10
[INFO] 03:17:02:112 KERNEL_LOG/(285453:285453): KERNEL LEVANTADO
[INFO] 03:17:02:112 KERNEL_LOG/(285453:285453): Conectando a memoria...
[INFO] 03:17:02:112 KERNEL_LOG/(285453:285453): Conectando a CPU dispatch...
[INFO] 03:17:02:112 KERNEL_LOG/(285453:285453): Conectando CPU interrupt...
[INFO] 03:17:02:113 KERNEL_LOG/(285453:285453): Esperando conexion E/S...
[INFO] 03:17:14:499 KERNEL_LOG/(285453:285453): Se conecto el: ENTRADA/SALIDA
[INFO] 17:01:20:240 KERNEL_LOG/(324602:324602): PUERTO_ESCUCHA: 8003
[INFO] 17:01:20:241 KERNEL_LOG/(324602:324602): IP_MEMORIA: 127.0.0.1
[INFO] 17:01:20:241 KERNEL_LOG/(324602:324602): PUERTO_MEMORIA: 8002
[INFO] 17:01:20:241 KERNEL_LOG/(324602:324602): IP_CPU: 127.0.0.1
[INFO] 17:01:20:241 KERNEL_LOG/(324602:324602): PUERTO_CPU_DISPATCH: 8006
[INFO] 17:01:20:241 KERNEL_LOG/(324602:324602): PUERTO_CPU_INTERRUPT: 8007
[INFO] 17:01:20:241 KERNEL_LOG/(324602:324602): ALGORITMO_PLANIFICACION: VRR
[INFO] 17:01:20:242 KERNEL_LOG/(324602:324602): QUANTUM: 2000
[INFO] 17:01:20:242 KERNEL_LOG/(324602:324602): RECURSOS: [RA|RB|RC]
[INFO] 17:01:20:242 KERNEL_LOG/(324602:324602): INSTANCIAS_RECURSOS: [1|2|1]
[INFO] 17:01:20:242 KERNEL_LOG/(324602:324602): GRADO_MULTIPROGRAMACION: 10
[INFO] 17:01:20:242 KERNEL_LOG/(324602:324602): KERNEL LEVANTADO
[INFO] 17:01:20:242 KERNEL_LOG/(324602:324602): Conectando a memoria...
[INFO] 17:01:20:242 KERNEL_LOG/(324602:324602): Conectando a CPU dispatch...
[INFO] 17:01:20:243 KERNEL_LOG/(324602:324602): Conectando CPU interrupt...
[INFO] 17:01:20:243 KERNEL_LOG/(324602:324602): Esperando conexion E/S...
[INFO] 17:01:36:732 KERNEL_LOG/(324602:324602): Se conecto el: ENTRADA/SALIDA
[INFO] 20:34:51:297 KERNEL_LOG/(331216:331216): PUERTO_ESCUCHA: 8003
[INFO] 20:34:51:298 KERNEL_LOG/(331216:331216): IP_MEMORIA: 127.0.0.1
[INFO] 20:34:51:298 KERNEL_LOG/(331216:331216): PUERTO_MEMORIA: 8002
[INFO] 20:34:51:298 KERNEL_LOG/(331216:331216): IP_CPU: 127.0.0.1
[INFO] 20:34:51:298 KERNEL_LOG/(331216:331216): PUERTO_CPU_DISPATCH: 8006
[INFO] 20:34:51:298 KERNEL_LOG/(331216:331216): PUERTO_CPU_INTERRUPT: 8007
[INFO] 20:34:51:298 KERNEL_LOG/(331216:331216): ALGORITMO_PLANIFICACION: VRR
[INFO] 20:34:51:298 KERNEL_LOG/(331216:331216): QUANTUM: 2000
[INFO] 20:34:51:298 KERNEL_LOG/(331216:331216): RECURSOS: [RA|RB|RC]
[INFO] 20:34:51:298 KERNEL_LOG/(331216:331216): INSTANCIAS_RECURSOS: [1|2|1]
[INFO] 20:34:51:298 KERNEL_LOG/(331216:331216): GRADO_MULTIPROGRAMACION: 10
[INFO] 20:34:51:298 KERNEL_LOG/(331216:331216): KERNEL LEVANTADO
[INFO] 20:34:51:298 KERNEL_LOG/(331216:331216): Conectando a memoria...
[INFO] 20:34:51:298 KERNEL_LOG/(331216:331216): Conectando a CPU dispatch...
[INFO] 20:34:51:299 KERNEL_LOG/(331216:331216): Conectando CPU interrupt...
[INFO] 20:34:51:299 KERNEL_LOG/(331216:331216): Esperando conexion E/S...
[INFO] 20:35:07:989 KERNEL_LOG/(331216:331216): Se conecto el: ENTRADA/SALIDA
[ERROR] 20:35:07:991 KERNEL_LOG/(331216:331235): La MEMORIA se desconecto. Terminando servidor
